<link rel="stylesheet" type="text/css" href="Connections/Shear/Endplate/log.css"/>
<link rel="stylesheet" type="text/css" href="Connections/Shear/SeatedAngle/log.css"/>
span class="LEVEL">ERROR</span>
		<span class="MSG">: Weld thickness is more than maximum allowed weld thickness [cl. 10.5.3.1]</span>
	</div>

	<div  class="LOG WARNING">
		<span class="DATE">Tue, 29 Oct 2019 20:41:28</span>
		<span class="LEVEL">WARNING</span>
		<span class="MSG">: Maximum weld thickness allowed is 5.70 mm </span>
	</div>

	<div  class="LOG INFO">
		<span class="DATE">Tue, 29 Oct 2019 20:41:28</span>
		<span class="LEVEL">INFO</span>
		<span class="MSG">: Decrease the weld thickness</span>
	</div>

	<div  class="LOG ERROR">
		<span class="DATE">Tue, 29 Oct 2019 20:41:28</span>
		<span class="LEVEL">ERROR</span>
		<span class="MSG">: Design is not safe 
 </span>
	</div>

	<div  class="LOG DEBUG">
		<span class="DATE">Tue, 29 Oct 2019 20:41:28</span>
		<span class="LEVEL">DEBUG</span>
		<span class="MSG"> :=========End Of design===========</span>
	</div>

	<div  class="LOG WARNING">
		<span class="DATE">Tue, 29 Oct 2019 20:41:33</span>
		<span class="LEVEL">WARNING</span>
		<span class="MSG"> : Minimum recommended weld thickness for shop weld is 6 mm</span>
	</div>

	<div  class="LOG INFO">
		<span class="DATE">Tue, 29 Oct 2019 20:41:33</span>
		<span class="LEVEL">INFO</span>
		<span class="MSG">: Overall end plate connection design is safe 
</span>
	</div>

	<div  class="LOG DEBUG">
		<span class="DATE">Tue, 29 Oct 2019 20:41:33</span>
		<span class="LEVEL">DEBUG</span>
		<span class="MSG"> :=========End Of design===========</span>
	</div>
