<link rel="stylesheet" type="text/css" href="Connections/Shear/cleatAngle/log.css"/>
<link rel="stylesheet" type="text/css" href="Connections/Shear/Endplate/log.css"/>
/span>
        <span class="LEVEL">INFO</span>
        <span class="MSG">: Overall cleat angle connection design is safe 
</span>
    </div>

    <div  class="LOG DEBUG">
        <span class="DATE">Tue, 29 Oct 2019 18:20:25</span>
        <span class="LEVEL">DEBUG</span>
        <span class="MSG"> :=========End Of design===========</span>
    </div>

    <div  class="LOG INFO">
        <span class="DATE">Tue, 29 Oct 2019 18:21:45</span>
        <span class="LEVEL">INFO</span>
        <span class="MSG">: Overall cleat angle connection design is safe 
</span>
    </div>

    <div  class="LOG DEBUG">
        <span class="DATE">Tue, 29 Oct 2019 18:21:45</span>
        <span class="LEVEL">DEBUG</span>
        <span class="MSG"> :=========End Of design===========</span>
    </div>
