<link rel="stylesheet" type="text/css" href="Connections/Shear/Finplate/log.css"/>

    <div  class="LOG ERROR">
        <span class="DATE">Thu, 31 Oct 2019 16:33:50</span>
        <span class="LEVEL">ERROR</span>
        <span class="MSG">: Weld thickness is not sufficient [cl. 10.5.7; INSDAG Detailing Manual, 2002]</span>
    </div>

    <div  class="LOG WARNING">
        <span class="DATE">Thu, 31 Oct 2019 16:33:50</span>
        <span class="LEVEL">WARNING</span>
        <span class="MSG">: Minimum weld thickness required is 8.00 mm </span>
    </div>

    <div  class="LOG INFO">
        <span class="DATE">Thu, 31 Oct 2019 16:33:50</span>
        <span class="LEVEL">INFO</span>
        <span class="MSG">: Increase the weld thickness or length of weld/fin plate</span>
    </div>

    <div  class="LOG ERROR">
        <span class="DATE">Thu, 31 Oct 2019 16:33:50</span>
        <span class="LEVEL">ERROR</span>
        <span class="MSG">: Design is not safe 
 </span>
    </div>

    <div  class="LOG DEBUG">
        <span class="DATE">Thu, 31 Oct 2019 16:33:50</span>
        <span class="LEVEL">DEBUG</span>
        <span class="MSG"> :=========End Of design===========</span>
    </div>

    <div  class="LOG INFO">
        <span class="DATE">Thu, 31 Oct 2019 16:33:54</span>
        <span class="LEVEL">INFO</span>
        <span class="MSG">: Overall fin plate connection design is safe 
</span>
    </div>

    <div  class="LOG DEBUG">
        <span class="DATE">Thu, 31 Oct 2019 16:33:54</span>
        <span class="LEVEL">DEBUG</span>
        <span class="MSG"> :=========End Of design===========</span>
    </div>

    <div  class="LOG INFO">
        <span class="DATE">Thu, 31 Oct 2019 16:35:18</span>
        <span class="LEVEL">INFO</span>
        <span class="MSG">: Overall fin plate connection design is safe 
</span>
    </div>

    <div  class="LOG DEBUG">
        <span class="DATE">Thu, 31 Oct 2019 16:35:18</span>
        <span class="LEVEL">DEBUG</span>
        <span class="MSG"> :=========End Of design===========</span>
    </div>
